<?xml version="1.0" encoding="UTF-8"?>
<!-- Generated by org.testng.reporters.JUnitXMLReporter -->
<testsuite ignored="0" hostname="PSL-4Q3WC63" failures="0" tests="3" name="Edge LambdaTest" time="301.132" errors="0" timestamp="2025-03-23T12:15:57 IST">
  <testcase classname="LamdatestTestNG.PageTitle" name="testScenario1" time="0.0">
    <skipped/>
  </testcase> <!-- testScenario1 -->
  <testcase classname="LamdatestTestNG.AlertBoxDemo" name="testScenario3" time="0.0">
    <skipped/>
  </testcase> <!-- testScenario3 -->
  <testcase classname="LamdatestTestNG.Checkbox" name="testScenario2" time="0.0">
    <skipped/>
  </testcase> <!-- testScenario2 -->
</testsuite> <!-- Edge LambdaTest -->
