<?xml version="1.0" encoding="UTF-8"?>
<!-- Generated by org.testng.reporters.JUnitXMLReporter -->
<testsuite ignored="0" hostname="PSL-4Q3WC63" failures="0" tests="3" name="Firefox 130.0 Test" time="111.535" errors="0" timestamp="2025-03-24T19:11:42 IST">
  <testcase classname="LamdatestTestNG.TestNG_Test" name="testPageTitle" time="0.843"/>
  <testcase classname="LamdatestTestNG.TestNG_Test" name="testCheckboxDemo" time="6.586"/>
  <testcase classname="LamdatestTestNG.TestNG_Test" name="testJavascriptAlert" time="7.529"/>
</testsuite> <!-- Firefox 130.0 Test -->
