<?xml version="1.0" encoding="UTF-8"?>
<!-- Generated by org.testng.reporters.JUnitXMLReporter -->
<testsuite ignored="0" hostname="PSL-4Q3WC63" failures="0" tests="3" name="Microsoft Edge Test" time="197.383" errors="0" timestamp="2025-03-24T19:13:07 IST">
  <testcase classname="LamdatestTestNG.TestNG_Test" name="testPageTitle" time="18.91"/>
  <testcase classname="LamdatestTestNG.TestNG_Test" name="testCheckboxDemo" time="20.98"/>
  <testcase classname="LamdatestTestNG.TestNG_Test" name="testJavascriptAlert" time="16.28"/>
</testsuite> <!-- Microsoft Edge Test -->
