<?xml version="1.0" encoding="UTF-8"?>
<testng-results ignored="0" total="12" passed="11" failed="1" skipped="0">
  <reporter-output>
  </reporter-output>
  <suite started-at="2025-03-24T19:09:50 IST" name="Suite" finished-at="2025-03-24T19:13:07 IST" duration-ms="197383">
    <groups>
    </groups>
    <test started-at="2025-03-24T19:09:50 IST" name="Firefox 130.0 Test" finished-at="2025-03-24T19:11:42 IST" duration-ms="111535">
      <class name="LamdatestTestNG.TestNG_Test">
        <test-method is-config="true" signature="setUp(java.lang.String,java.lang.String,java.lang.String,java.lang.String)[pri:0, instance:LamdatestTestNG.TestNG_Test@68c9d179]" started-at="2025-03-24T19:09:50 IST" name="setUp" finished-at="2025-03-24T19:10:15 IST" duration-ms="24587" status="PASS">
          <params>
            <param index="0">
              <value>
                <![CDATA[Firefox]]>
              </value>
            </param>
            <param index="1">
              <value>
                <![CDATA[130.0]]>
              </value>
            </param>
            <param index="2">
              <value>
                <![CDATA[Windows 11]]>
              </value>
            </param>
            <param index="3">
              <value>
                <![CDATA[https://www.lambdatest.com/selenium-playground/]]>
              </value>
            </param>
          </params>
          <reporter-output>
          </reporter-output>
        </test-method> <!-- setUp -->
        <test-method signature="testPageTitle()[pri:1, instance:LamdatestTestNG.TestNG_Test@68c9d179]" started-at="2025-03-24T19:10:15 IST" name="testPageTitle" finished-at="2025-03-24T19:10:15 IST" duration-ms="843" status="PASS">
          <reporter-output>
          </reporter-output>
        </test-method> <!-- testPageTitle -->
        <test-method is-config="true" signature="tearDown()[pri:0, instance:LamdatestTestNG.TestNG_Test@68c9d179]" started-at="2025-03-24T19:10:15 IST" name="tearDown" finished-at="2025-03-24T19:10:19 IST" duration-ms="3268" status="PASS">
          <reporter-output>
          </reporter-output>
        </test-method> <!-- tearDown -->
        <test-method is-config="true" signature="setUp(java.lang.String,java.lang.String,java.lang.String,java.lang.String)[pri:0, instance:LamdatestTestNG.TestNG_Test@68c9d179]" started-at="2025-03-24T19:10:19 IST" name="setUp" finished-at="2025-03-24T19:10:44 IST" duration-ms="25110" status="PASS">
          <params>
            <param index="0">
              <value>
                <![CDATA[Firefox]]>
              </value>
            </param>
            <param index="1">
              <value>
                <![CDATA[130.0]]>
              </value>
            </param>
            <param index="2">
              <value>
                <![CDATA[Windows 11]]>
              </value>
            </param>
            <param index="3">
              <value>
                <![CDATA[https://www.lambdatest.com/selenium-playground/]]>
              </value>
            </param>
          </params>
          <reporter-output>
          </reporter-output>
        </test-method> <!-- setUp -->
        <test-method signature="testCheckboxDemo()[pri:2, instance:LamdatestTestNG.TestNG_Test@68c9d179]" started-at="2025-03-24T19:10:44 IST" name="testCheckboxDemo" finished-at="2025-03-24T19:10:50 IST" duration-ms="6586" status="PASS">
          <reporter-output>
          </reporter-output>
        </test-method> <!-- testCheckboxDemo -->
        <test-method is-config="true" signature="tearDown()[pri:0, instance:LamdatestTestNG.TestNG_Test@68c9d179]" started-at="2025-03-24T19:10:50 IST" name="tearDown" finished-at="2025-03-24T19:10:53 IST" duration-ms="2338" status="PASS">
          <reporter-output>
          </reporter-output>
        </test-method> <!-- tearDown -->
        <test-method is-config="true" signature="setUp(java.lang.String,java.lang.String,java.lang.String,java.lang.String)[pri:0, instance:LamdatestTestNG.TestNG_Test@68c9d179]" started-at="2025-03-24T19:10:53 IST" name="setUp" finished-at="2025-03-24T19:11:32 IST" duration-ms="38978" status="PASS">
          <params>
            <param index="0">
              <value>
                <![CDATA[Firefox]]>
              </value>
            </param>
            <param index="1">
              <value>
                <![CDATA[130.0]]>
              </value>
            </param>
            <param index="2">
              <value>
                <![CDATA[Windows 11]]>
              </value>
            </param>
            <param index="3">
              <value>
                <![CDATA[https://www.lambdatest.com/selenium-playground/]]>
              </value>
            </param>
          </params>
          <reporter-output>
          </reporter-output>
        </test-method> <!-- setUp -->
        <test-method signature="testJavascriptAlert()[pri:3, instance:LamdatestTestNG.TestNG_Test@68c9d179]" started-at="2025-03-24T19:11:32 IST" name="testJavascriptAlert" finished-at="2025-03-24T19:11:39 IST" duration-ms="7529" status="PASS">
          <reporter-output>
          </reporter-output>
        </test-method> <!-- testJavascriptAlert -->
        <test-method is-config="true" signature="tearDown()[pri:0, instance:LamdatestTestNG.TestNG_Test@68c9d179]" started-at="2025-03-24T19:11:39 IST" name="tearDown" finished-at="2025-03-24T19:11:42 IST" duration-ms="2234" status="PASS">
          <reporter-output>
          </reporter-output>
        </test-method> <!-- tearDown -->
      </class> <!-- LamdatestTestNG.TestNG_Test -->
    </test> <!-- Firefox 130.0 Test -->
    <test started-at="2025-03-24T19:09:50 IST" name="Chrome Test" finished-at="2025-03-24T19:12:24 IST" duration-ms="153998">
      <class name="LamdatestTestNG.TestNG_Test">
        <test-method is-config="true" signature="setUp(java.lang.String,java.lang.String,java.lang.String,java.lang.String)[pri:0, instance:LamdatestTestNG.TestNG_Test@5e2c3d18]" started-at="2025-03-24T19:09:50 IST" name="setUp" finished-at="2025-03-24T19:11:01 IST" duration-ms="71259" status="PASS">
          <params>
            <param index="0">
              <value>
                <![CDATA[chrome]]>
              </value>
            </param>
            <param index="1">
              <value>
                <![CDATA[128.0]]>
              </value>
            </param>
            <param index="2">
              <value>
                <![CDATA[Windows 10]]>
              </value>
            </param>
            <param index="3">
              <value>
                <![CDATA[https://www.lambdatest.com/selenium-playground/]]>
              </value>
            </param>
          </params>
          <reporter-output>
          </reporter-output>
        </test-method> <!-- setUp -->
        <test-method signature="testPageTitle()[pri:1, instance:LamdatestTestNG.TestNG_Test@5e2c3d18]" started-at="2025-03-24T19:11:01 IST" name="testPageTitle" finished-at="2025-03-24T19:11:01 IST" duration-ms="156" status="PASS">
          <reporter-output>
          </reporter-output>
        </test-method> <!-- testPageTitle -->
        <test-method is-config="true" signature="tearDown()[pri:0, instance:LamdatestTestNG.TestNG_Test@5e2c3d18]" started-at="2025-03-24T19:11:01 IST" name="tearDown" finished-at="2025-03-24T19:11:02 IST" duration-ms="158" status="PASS">
          <reporter-output>
          </reporter-output>
        </test-method> <!-- tearDown -->
        <test-method is-config="true" signature="setUp(java.lang.String,java.lang.String,java.lang.String,java.lang.String)[pri:0, instance:LamdatestTestNG.TestNG_Test@5e2c3d18]" started-at="2025-03-24T19:11:02 IST" name="setUp" finished-at="2025-03-24T19:11:52 IST" duration-ms="50668" status="PASS">
          <params>
            <param index="0">
              <value>
                <![CDATA[chrome]]>
              </value>
            </param>
            <param index="1">
              <value>
                <![CDATA[128.0]]>
              </value>
            </param>
            <param index="2">
              <value>
                <![CDATA[Windows 10]]>
              </value>
            </param>
            <param index="3">
              <value>
                <![CDATA[https://www.lambdatest.com/selenium-playground/]]>
              </value>
            </param>
          </params>
          <reporter-output>
          </reporter-output>
        </test-method> <!-- setUp -->
        <test-method signature="testCheckboxDemo()[pri:2, instance:LamdatestTestNG.TestNG_Test@5e2c3d18]" started-at="2025-03-24T19:11:52 IST" name="testCheckboxDemo" finished-at="2025-03-24T19:11:55 IST" duration-ms="2218" status="PASS">
          <reporter-output>
          </reporter-output>
        </test-method> <!-- testCheckboxDemo -->
        <test-method is-config="true" signature="tearDown()[pri:0, instance:LamdatestTestNG.TestNG_Test@5e2c3d18]" started-at="2025-03-24T19:11:55 IST" name="tearDown" finished-at="2025-03-24T19:11:55 IST" duration-ms="170" status="PASS">
          <reporter-output>
          </reporter-output>
        </test-method> <!-- tearDown -->
        <test-method is-config="true" signature="setUp(java.lang.String,java.lang.String,java.lang.String,java.lang.String)[pri:0, instance:LamdatestTestNG.TestNG_Test@5e2c3d18]" started-at="2025-03-24T19:11:55 IST" name="setUp" finished-at="2025-03-24T19:12:20 IST" duration-ms="25621" status="PASS">
          <params>
            <param index="0">
              <value>
                <![CDATA[chrome]]>
              </value>
            </param>
            <param index="1">
              <value>
                <![CDATA[128.0]]>
              </value>
            </param>
            <param index="2">
              <value>
                <![CDATA[Windows 10]]>
              </value>
            </param>
            <param index="3">
              <value>
                <![CDATA[https://www.lambdatest.com/selenium-playground/]]>
              </value>
            </param>
          </params>
          <reporter-output>
          </reporter-output>
        </test-method> <!-- setUp -->
        <test-method signature="testJavascriptAlert()[pri:3, instance:LamdatestTestNG.TestNG_Test@5e2c3d18]" started-at="2025-03-24T19:12:20 IST" name="testJavascriptAlert" finished-at="2025-03-24T19:12:24 IST" duration-ms="3383" status="PASS">
          <reporter-output>
          </reporter-output>
        </test-method> <!-- testJavascriptAlert -->
        <test-method is-config="true" signature="tearDown()[pri:0, instance:LamdatestTestNG.TestNG_Test@5e2c3d18]" started-at="2025-03-24T19:12:24 IST" name="tearDown" finished-at="2025-03-24T19:12:24 IST" duration-ms="292" status="PASS">
          <reporter-output>
          </reporter-output>
        </test-method> <!-- tearDown -->
      </class> <!-- LamdatestTestNG.TestNG_Test -->
    </test> <!-- Chrome Test -->
    <test started-at="2025-03-24T19:09:50 IST" name="Internet Explorer" finished-at="2025-03-24T19:12:41 IST" duration-ms="171169">
      <class name="LamdatestTestNG.TestNG_Test">
        <test-method is-config="true" signature="setUp(java.lang.String,java.lang.String,java.lang.String,java.lang.String)[pri:0, instance:LamdatestTestNG.TestNG_Test@33ecda92]" started-at="2025-03-24T19:09:50 IST" name="setUp" finished-at="2025-03-24T19:11:13 IST" duration-ms="82471" status="PASS">
          <params>
            <param index="0">
              <value>
                <![CDATA[Internet Explorer]]>
              </value>
            </param>
            <param index="1">
              <value>
                <![CDATA[11.0]]>
              </value>
            </param>
            <param index="2">
              <value>
                <![CDATA[Windows 10]]>
              </value>
            </param>
            <param index="3">
              <value>
                <![CDATA[https://www.lambdatest.com/selenium-playground/]]>
              </value>
            </param>
          </params>
          <reporter-output>
          </reporter-output>
        </test-method> <!-- setUp -->
        <test-method signature="testPageTitle()[pri:1, instance:LamdatestTestNG.TestNG_Test@33ecda92]" started-at="2025-03-24T19:11:13 IST" name="testPageTitle" finished-at="2025-03-24T19:11:13 IST" duration-ms="259" status="PASS">
          <reporter-output>
          </reporter-output>
        </test-method> <!-- testPageTitle -->
        <test-method is-config="true" signature="tearDown()[pri:0, instance:LamdatestTestNG.TestNG_Test@33ecda92]" started-at="2025-03-24T19:11:13 IST" name="tearDown" finished-at="2025-03-24T19:11:13 IST" duration-ms="82" status="PASS">
          <reporter-output>
          </reporter-output>
        </test-method> <!-- tearDown -->
        <test-method is-config="true" signature="setUp(java.lang.String,java.lang.String,java.lang.String,java.lang.String)[pri:0, instance:LamdatestTestNG.TestNG_Test@33ecda92]" started-at="2025-03-24T19:11:13 IST" name="setUp" finished-at="2025-03-24T19:12:13 IST" duration-ms="60172" status="PASS">
          <params>
            <param index="0">
              <value>
                <![CDATA[Internet Explorer]]>
              </value>
            </param>
            <param index="1">
              <value>
                <![CDATA[11.0]]>
              </value>
            </param>
            <param index="2">
              <value>
                <![CDATA[Windows 10]]>
              </value>
            </param>
            <param index="3">
              <value>
                <![CDATA[https://www.lambdatest.com/selenium-playground/]]>
              </value>
            </param>
          </params>
          <reporter-output>
          </reporter-output>
        </test-method> <!-- setUp -->
        <test-method signature="testCheckboxDemo()[pri:2, instance:LamdatestTestNG.TestNG_Test@33ecda92]" started-at="2025-03-24T19:12:13 IST" name="testCheckboxDemo" finished-at="2025-03-24T19:12:15 IST" duration-ms="2395" status="PASS">
          <reporter-output>
          </reporter-output>
        </test-method> <!-- testCheckboxDemo -->
        <test-method is-config="true" signature="tearDown()[pri:0, instance:LamdatestTestNG.TestNG_Test@33ecda92]" started-at="2025-03-24T19:12:15 IST" name="tearDown" finished-at="2025-03-24T19:12:16 IST" duration-ms="77" status="PASS">
          <reporter-output>
          </reporter-output>
        </test-method> <!-- tearDown -->
        <test-method is-config="true" signature="setUp(java.lang.String,java.lang.String,java.lang.String,java.lang.String)[pri:0, instance:LamdatestTestNG.TestNG_Test@33ecda92]" started-at="2025-03-24T19:12:16 IST" name="setUp" finished-at="2025-03-24T19:12:39 IST" duration-ms="23401" status="PASS">
          <params>
            <param index="0">
              <value>
                <![CDATA[Internet Explorer]]>
              </value>
            </param>
            <param index="1">
              <value>
                <![CDATA[11.0]]>
              </value>
            </param>
            <param index="2">
              <value>
                <![CDATA[Windows 10]]>
              </value>
            </param>
            <param index="3">
              <value>
                <![CDATA[https://www.lambdatest.com/selenium-playground/]]>
              </value>
            </param>
          </params>
          <reporter-output>
          </reporter-output>
        </test-method> <!-- setUp -->
        <test-method signature="testJavascriptAlert()[pri:3, instance:LamdatestTestNG.TestNG_Test@33ecda92]" started-at="2025-03-24T19:12:39 IST" name="testJavascriptAlert" finished-at="2025-03-24T19:12:41 IST" duration-ms="2115" status="FAIL">
          <exception class="org.openqa.selenium.NoAlertPresentException">
            <message>
              <![CDATA[No alert is active
Build info: version: '4.13.0', revision: 'ba948ece5b*'
System info: os.name: 'Windows 10', os.arch: 'amd64', os.version: '10.0', java.version: '15.0.1'
Driver info: org.openqa.selenium.remote.RemoteWebDriver
Command: [eaecd249-87aa-44c8-b5fb-70a21794c8f5, getAlertText {}]
Capabilities {acceptInsecureCerts: false, browserName: internet explorer, browserVersion: 11, pageLoadStrategy: normal, platformName: windows, proxy: Proxy(), se:ieOptions: {browserAttachTimeout: 0, elementScrollBehavior: 0, enablePersistentHover: true, ie.browserCommandLineSwitches: , ie.ensureCleanSession: false, ie.fileUploadDialogTimeout: 3000, ie.forceCreateProcessApi: false, ignoreProtectedModeSettings: false, ignoreZoomSetting: false, initialBrowserUrl: http://localhost:41000/, nativeEvents: true, requireWindowFocus: false}, setWindowRect: true, timeouts: {implicit: 0, pageLoad: 300000, script: 30000}, webdriver.remote.sessionid: eaecd249-87aa-44c8-b5fb-70a...}
Session ID: eaecd249-87aa-44c8-b5fb-70a21794c8f5]]>
            </message>
            <full-stacktrace>
              <![CDATA[org.openqa.selenium.NoAlertPresentException: No alert is active
Build info: version: '4.13.0', revision: 'ba948ece5b*'
System info: os.name: 'Windows 10', os.arch: 'amd64', os.version: '10.0', java.version: '15.0.1'
Driver info: org.openqa.selenium.remote.RemoteWebDriver
Command: [eaecd249-87aa-44c8-b5fb-70a21794c8f5, getAlertText {}]
Capabilities {acceptInsecureCerts: false, browserName: internet explorer, browserVersion: 11, pageLoadStrategy: normal, platformName: windows, proxy: Proxy(), se:ieOptions: {browserAttachTimeout: 0, elementScrollBehavior: 0, enablePersistentHover: true, ie.browserCommandLineSwitches: , ie.ensureCleanSession: false, ie.fileUploadDialogTimeout: 3000, ie.forceCreateProcessApi: false, ignoreProtectedModeSettings: false, ignoreZoomSetting: false, initialBrowserUrl: http://localhost:41000/, nativeEvents: true, requireWindowFocus: false}, setWindowRect: true, timeouts: {implicit: 0, pageLoad: 300000, script: 30000}, webdriver.remote.sessionid: eaecd249-87aa-44c8-b5fb-70a...}
Session ID: eaecd249-87aa-44c8-b5fb-70a21794c8f5
at java.base/jdk.internal.reflect.NativeConstructorAccessorImpl.newInstance0(Native Method)
at java.base/jdk.internal.reflect.NativeConstructorAccessorImpl.newInstance(NativeConstructorAccessorImpl.java:64)
at java.base/jdk.internal.reflect.DelegatingConstructorAccessorImpl.newInstance(DelegatingConstructorAccessorImpl.java:45)
at java.base/java.lang.reflect.Constructor.newInstanceWithCaller(Constructor.java:500)
at java.base/java.lang.reflect.Constructor.newInstance(Constructor.java:481)
at org.openqa.selenium.remote.codec.w3c.W3CHttpResponseCodec.createException(W3CHttpResponseCodec.java:200)
at org.openqa.selenium.remote.codec.w3c.W3CHttpResponseCodec.decode(W3CHttpResponseCodec.java:133)
at org.openqa.selenium.remote.codec.w3c.W3CHttpResponseCodec.decode(W3CHttpResponseCodec.java:52)
at org.openqa.selenium.remote.HttpCommandExecutor.execute(HttpCommandExecutor.java:191)
at org.openqa.selenium.remote.TracedCommandExecutor.execute(TracedCommandExecutor.java:51)
at org.openqa.selenium.remote.RemoteWebDriver.execute(RemoteWebDriver.java:602)
at org.openqa.selenium.remote.RemoteWebDriver.execute(RemoteWebDriver.java:675)
at org.openqa.selenium.remote.RemoteWebDriver.execute(RemoteWebDriver.java:679)
at org.openqa.selenium.remote.RemoteWebDriver$RemoteTargetLocator.alert(RemoteWebDriver.java:1192)
at LamdatestTestNG.TestNG_Test.testJavascriptAlert(TestNG_Test.java:89)
at java.base/jdk.internal.reflect.NativeMethodAccessorImpl.invoke0(Native Method)
at java.base/jdk.internal.reflect.NativeMethodAccessorImpl.invoke(NativeMethodAccessorImpl.java:64)
at java.base/jdk.internal.reflect.DelegatingMethodAccessorImpl.invoke(DelegatingMethodAccessorImpl.java:43)
at java.base/java.lang.reflect.Method.invoke(Method.java:564)
at org.testng.internal.invokers.MethodInvocationHelper.invokeMethod(MethodInvocationHelper.java:141)
at org.testng.internal.invokers.TestInvoker.invokeMethod(TestInvoker.java:687)
at org.testng.internal.invokers.TestInvoker.invokeTestMethod(TestInvoker.java:230)
at org.testng.internal.invokers.MethodRunner.runInSequence(MethodRunner.java:63)
at org.testng.internal.invokers.TestInvoker$MethodInvocationAgent.invoke(TestInvoker.java:995)
at org.testng.internal.invokers.TestInvoker.invokeTestMethods(TestInvoker.java:203)
at org.testng.internal.invokers.TestMethodWorker.invokeTestMethods(TestMethodWorker.java:154)
at org.testng.internal.invokers.TestMethodWorker.run(TestMethodWorker.java:134)
at java.base/java.util.ArrayList.forEach(ArrayList.java:1511)
at org.testng.TestRunner.privateRun(TestRunner.java:741)
at org.testng.TestRunner.run(TestRunner.java:616)
at org.testng.SuiteRunner.runTest(SuiteRunner.java:421)
at org.testng.SuiteRunner$SuiteWorker.run(SuiteRunner.java:463)
at org.testng.internal.thread.ThreadUtil.lambda$execute$0(ThreadUtil.java:64)
at java.base/java.util.concurrent.FutureTask.run(FutureTask.java:264)
at java.base/java.util.concurrent.ThreadPoolExecutor.runWorker(ThreadPoolExecutor.java:1130)
at java.base/java.util.concurrent.ThreadPoolExecutor$Worker.run(ThreadPoolExecutor.java:630)
at java.base/java.lang.Thread.run(Thread.java:832)
]]>
            </full-stacktrace>
          </exception> <!-- org.openqa.selenium.NoAlertPresentException -->
          <reporter-output>
          </reporter-output>
        </test-method> <!-- testJavascriptAlert -->
        <test-method is-config="true" signature="tearDown()[pri:0, instance:LamdatestTestNG.TestNG_Test@33ecda92]" started-at="2025-03-24T19:12:41 IST" name="tearDown" finished-at="2025-03-24T19:12:41 IST" duration-ms="131" status="PASS">
          <reporter-output>
          </reporter-output>
        </test-method> <!-- tearDown -->
      </class> <!-- LamdatestTestNG.TestNG_Test -->
    </test> <!-- Internet Explorer -->
    <test started-at="2025-03-24T19:09:50 IST" name="Microsoft Edge Test" finished-at="2025-03-24T19:13:07 IST" duration-ms="197383">
      <class name="LamdatestTestNG.TestNG_Test">
        <test-method is-config="true" signature="setUp(java.lang.String,java.lang.String,java.lang.String,java.lang.String)[pri:0, instance:LamdatestTestNG.TestNG_Test@4b8d604b]" started-at="2025-03-24T19:09:50 IST" name="setUp" finished-at="2025-03-24T19:10:08 IST" duration-ms="18121" status="PASS">
          <params>
            <param index="0">
              <value>
                <![CDATA[Microsoft Edge]]>
              </value>
            </param>
            <param index="1">
              <value>
                <![CDATA[127.0]]>
              </value>
            </param>
            <param index="2">
              <value>
                <![CDATA[macOS Ventura]]>
              </value>
            </param>
            <param index="3">
              <value>
                <![CDATA[https://www.lambdatest.com/selenium-playground/]]>
              </value>
            </param>
          </params>
          <reporter-output>
          </reporter-output>
        </test-method> <!-- setUp -->
        <test-method signature="testPageTitle()[pri:1, instance:LamdatestTestNG.TestNG_Test@4b8d604b]" started-at="2025-03-24T19:10:08 IST" name="testPageTitle" finished-at="2025-03-24T19:10:27 IST" duration-ms="18910" status="PASS">
          <reporter-output>
          </reporter-output>
        </test-method> <!-- testPageTitle -->
        <test-method is-config="true" signature="tearDown()[pri:0, instance:LamdatestTestNG.TestNG_Test@4b8d604b]" started-at="2025-03-24T19:10:27 IST" name="tearDown" finished-at="2025-03-24T19:10:28 IST" duration-ms="705" status="PASS">
          <reporter-output>
          </reporter-output>
        </test-method> <!-- tearDown -->
        <test-method is-config="true" signature="setUp(java.lang.String,java.lang.String,java.lang.String,java.lang.String)[pri:0, instance:LamdatestTestNG.TestNG_Test@4b8d604b]" started-at="2025-03-24T19:10:28 IST" name="setUp" finished-at="2025-03-24T19:11:52 IST" duration-ms="83990" status="PASS">
          <params>
            <param index="0">
              <value>
                <![CDATA[Microsoft Edge]]>
              </value>
            </param>
            <param index="1">
              <value>
                <![CDATA[127.0]]>
              </value>
            </param>
            <param index="2">
              <value>
                <![CDATA[macOS Ventura]]>
              </value>
            </param>
            <param index="3">
              <value>
                <![CDATA[https://www.lambdatest.com/selenium-playground/]]>
              </value>
            </param>
          </params>
          <reporter-output>
          </reporter-output>
        </test-method> <!-- setUp -->
        <test-method signature="testCheckboxDemo()[pri:2, instance:LamdatestTestNG.TestNG_Test@4b8d604b]" started-at="2025-03-24T19:11:52 IST" name="testCheckboxDemo" finished-at="2025-03-24T19:12:13 IST" duration-ms="20980" status="PASS">
          <reporter-output>
          </reporter-output>
        </test-method> <!-- testCheckboxDemo -->
        <test-method is-config="true" signature="tearDown()[pri:0, instance:LamdatestTestNG.TestNG_Test@4b8d604b]" started-at="2025-03-24T19:12:13 IST" name="tearDown" finished-at="2025-03-24T19:12:13 IST" duration-ms="147" status="PASS">
          <reporter-output>
          </reporter-output>
        </test-method> <!-- tearDown -->
        <test-method is-config="true" signature="setUp(java.lang.String,java.lang.String,java.lang.String,java.lang.String)[pri:0, instance:LamdatestTestNG.TestNG_Test@4b8d604b]" started-at="2025-03-24T19:12:13 IST" name="setUp" finished-at="2025-03-24T19:12:50 IST" duration-ms="37571" status="PASS">
          <params>
            <param index="0">
              <value>
                <![CDATA[Microsoft Edge]]>
              </value>
            </param>
            <param index="1">
              <value>
                <![CDATA[127.0]]>
              </value>
            </param>
            <param index="2">
              <value>
                <![CDATA[macOS Ventura]]>
              </value>
            </param>
            <param index="3">
              <value>
                <![CDATA[https://www.lambdatest.com/selenium-playground/]]>
              </value>
            </param>
          </params>
          <reporter-output>
          </reporter-output>
        </test-method> <!-- setUp -->
        <test-method signature="testJavascriptAlert()[pri:3, instance:LamdatestTestNG.TestNG_Test@4b8d604b]" started-at="2025-03-24T19:12:50 IST" name="testJavascriptAlert" finished-at="2025-03-24T19:13:07 IST" duration-ms="16280" status="PASS">
          <reporter-output>
          </reporter-output>
        </test-method> <!-- testJavascriptAlert -->
        <test-method is-config="true" signature="tearDown()[pri:0, instance:LamdatestTestNG.TestNG_Test@4b8d604b]" started-at="2025-03-24T19:13:07 IST" name="tearDown" finished-at="2025-03-24T19:13:07 IST" duration-ms="617" status="PASS">
          <reporter-output>
          </reporter-output>
        </test-method> <!-- tearDown -->
      </class> <!-- LamdatestTestNG.TestNG_Test -->
    </test> <!-- Microsoft Edge Test -->
  </suite> <!-- Suite -->
</testng-results>
