<?xml version="1.0" encoding="UTF-8"?>
<!-- Generated by org.testng.reporters.JUnitXMLReporter -->
<testsuite ignored="0" hostname="PSL-4Q3WC63" failures="1" tests="3" name="Edge LambdaTest" time="187.196" errors="0" timestamp="2025-03-23T11:44:10 IST">
  <testcase classname="LamdatestTestNG.Checkbox" name="testScenario2" time="0.0">
    <skipped/>
  </testcase> <!-- testScenario2 -->
  <testcase classname="LamdatestTestNG.PageTitle" name="testScenario1" time="0.0">
    <skipped/>
  </testcase> <!-- testScenario1 -->
  <testcase classname="LamdatestTestNG.AlertBoxDemo" name="testScenario3" time="17.745">
    <failure type="java.lang.AssertionError" message="I am an alert box! expected:&amp;lt;I am an alert box!&amp;gt; but was:&amp;lt;Alert message mismatch&amp;gt;">
      <![CDATA[java.lang.AssertionError: I am an alert box! expected:<I am an alert box!> but was:<Alert message mismatch>
at LamdatestTestNG.AlertBoxDemo.testScenario3(AlertBoxDemo.java:25)
at java.base/java.util.concurrent.ThreadPoolExecutor.runWorker(ThreadPoolExecutor.java:1130)
at java.base/java.util.concurrent.ThreadPoolExecutor$Worker.run(ThreadPoolExecutor.java:630)
at java.base/java.lang.Thread.run(Thread.java:832)
... Removed 18 stack frames]]>
    </failure>
  </testcase> <!-- testScenario3 -->
</testsuite> <!-- Edge LambdaTest -->
