<?xml version="1.0" encoding="UTF-8"?>
<!-- Generated by org.testng.reporters.JUnitXMLReporter -->
<testsuite ignored="0" hostname="PSL-4Q3WC63" failures="0" tests="3" name="Firefox LambdaTest" time="360.819" errors="0" timestamp="2025-03-23T11:50:11 IST">
  <testcase classname="LamdatestTestNG.AlertBoxDemo" name="testScenario3" time="0.001">
    <skipped/>
  </testcase> <!-- testScenario3 -->
  <testcase classname="LamdatestTestNG.Checkbox" name="testScenario2" time="0.0">
    <skipped/>
  </testcase> <!-- testScenario2 -->
  <testcase classname="LamdatestTestNG.PageTitle" name="testScenario1" time="0.0">
    <skipped/>
  </testcase> <!-- testScenario1 -->
</testsuite> <!-- Firefox LambdaTest -->
